RASSF1|chr3:50367217-50378367|+
RASSF1|chr3:50367217-50378367|-
CDKN2A|chr9:21967751-21994490|+
CDKN2A|chr9:21967751-21994490|-
RARB|chr3:25469754-25639422|+
RARB|chr3:25469754-25639422|-
SEPT9|chr17:75277492-75496678|+
SEPT9|chr17:75277492-75496678|-
CDKN2B|chr9:22002902-22009312|+
CDKN2B|chr9:22002902-22009312|-
MLH1|chr3:37034841-37092337|+
MLH1|chr3:37034841-37092337|-
CD2|chr1:117297086-117311851|+
CD2|chr1:117297086-117311851|-
RARRES1|chr3:158414897-158450275|+
RARRES1|chr3:158414897-158450275|-
THBS1|chr15:39873280-39889668|+
THBS1|chr15:39873280-39889668|-
CACNA1G|chr17:48638429-48704832|+
CACNA1G|chr17:48638429-48704832|-
SFN|chr1:27189633-27190947|+
SFN|chr1:27189633-27190947|-
ABCB1|chr7:87133179-87342639|+
ABCB1|chr7:87133179-87342639|-
CDKN1C|chr11:2904448-2906995|+
CDKN1C|chr11:2904448-2906995|-
CDH1|chr16:68771195-68869444|+
CDH1|chr16:68771195-68869444|-
SCGB3A1|chr5:180017105-180018487|+
SCGB3A1|chr5:180017105-180018487|-
PTGS2|chr1:186640944-186649559|+
PTGS2|chr1:186640944-186649559|-
TP73|chr1:3569129-3652765|+
TP73|chr1:3569129-3652765|-
APBA1|chr9:72042449-72287275|+
APBA1|chr9:72042449-72287275|-
CADM1|chr11:115044345-115375241|+
CADM1|chr11:115044345-115375241|-
ZMYND10|chr3:50378537-50383156|+
ZMYND10|chr3:50378537-50383156|-
C2orf40|chr2:106682113-106694609|+
C2orf40|chr2:106682113-106694609|-
PRDM2|chr1:14026735-14151574|+
PRDM2|chr1:14026735-14151574|-
TP53|chr17:7571720-7590868|+
TP53|chr17:7571720-7590868|-
PTPN6|chr12:7055740-7070479|+
PTPN6|chr12:7055740-7070479|-
BRINP1 not exists in gtf files.
CCAR2 not exists in gtf files.
CDKN1B|chr12:12870302-12875305|+
CDKN1B|chr12:12870302-12875305|-
DICER1|chr14:95552565-95623759|+
DICER1|chr14:95552565-95623759|-
TNFRSF10D|chr8:22993104-23021540|+
TNFRSF10D|chr8:22993104-23021540|-
ESR1|chr6:152011631-152424408|+
ESR1|chr6:152011631-152424408|-
CALD1|chr7:134464164-134655480|+
CALD1|chr7:134464164-134655480|-
TMEFF2|chr2:192814747-193059644|+
TMEFF2|chr2:192814747-193059644|-
APBA2|chr15:29213840-29410516|+
APBA2|chr15:29213840-29410516|-
RB1|chr13:48877883-49056026|+
RB1|chr13:48877883-49056026|-
RPRM|chr2:154333852-154335322|+
RPRM|chr2:154333852-154335322|-
DAPK1|chr9:90112756-90323549|+
DAPK1|chr9:90112756-90323549|-
APC|chr5:112043202-112181936|+
APC|chr5:112043202-112181936|-
MGMT|chr10:131265454-131565783|+
MGMT|chr10:131265454-131565783|-
GSTP1|chr11:67351066-67354124|+
GSTP1|chr11:67351066-67354124|-
RUNX3|chr1:25226002-25291501|+
too short at ../code/mc_site_seek.pl line 434, <IN> line 541.
RUNX3|chr1:25226002-25291501|-
too short at ../code/mc_site_seek.pl line 434, <IN> line 541.
TFPI2|chr7:93515745-93520065|+
TFPI2|chr7:93515745-93520065|-
CCND2|chr12:4382902-4414522|+
CCND2|chr12:4382902-4414522|-
TIMP3|chr22:33196802-33259028|+
TIMP3|chr22:33196802-33259028|-
SFRP1|chr8:41119476-41166990|+
SFRP1|chr8:41119476-41166990|-
CDH13|chr16:82660399-83830215|+
CDH13|chr16:82660399-83830215|-
SOCS1|chr16:11348274-11350039|+
SOCS1|chr16:11348274-11350039|-
PYCARD|chr16:31212807-31214097|+
PYCARD|chr16:31212807-31214097|-
CALCA|chr11:14988215-14993832|+
CALCA|chr11:14988215-14993832|-
HIC1|chr17:1958393-1962981|+
HIC1|chr17:1958393-1962981|-
UCHL1|chr4:41258898-41270446|+
UCHL1|chr4:41258898-41270446|-
BRCA1|chr17:41196312-41277500|+
BRCA1|chr17:41196312-41277500|-
SFRP2|chr4:154701742-154710228|+
SFRP2|chr4:154701742-154710228|-
FHIT|chr3:59735036-61237133|+
FHIT|chr3:59735036-61237133|-
WIF1|chr12:65444404-65515346|+
WIF1|chr12:65444404-65515346|-
SLIT2|chr4:20255235-20620788|+
SLIT2|chr4:20255235-20620788|-
SOX17|chr8:55370495-55373456|+
SOX17|chr8:55370495-55373456|-
VIM|chr10:17270258-17279592|+
too short at ../code/mc_site_seek.pl line 434, <IN> line 541.
VIM|chr10:17270258-17279592|-
too short at ../code/mc_site_seek.pl line 434, <IN> line 541.
DLEC1|chr3:38080696-38164228|+
DLEC1|chr3:38080696-38164228|-
PGR|chr11:100900355-101000544|+
PGR|chr11:100900355-101000544|-
SHOX2|chr3:157813800-157823952|+
too short at ../code/mc_site_seek.pl line 434, <IN> line 541.
too short at ../code/mc_site_seek.pl line 434, <IN> line 541.
too short at ../code/mc_site_seek.pl line 434, <IN> line 541.
SHOX2|chr3:157813800-157823952|-
too short at ../code/mc_site_seek.pl line 434, <IN> line 541.
too short at ../code/mc_site_seek.pl line 434, <IN> line 541.
too short at ../code/mc_site_seek.pl line 434, <IN> line 541.
ALX4|chr11:44282278-44331716|+
ALX4|chr11:44282278-44331716|-
KIF1A|chr2:241653181-241759725|+
KIF1A|chr2:241653181-241759725|-
PENK|chr8:57353513-57359282|+
too short at ../code/mc_site_seek.pl line 434, <IN> line 541.
PENK|chr8:57353513-57359282|-
too short at ../code/mc_site_seek.pl line 434, <IN> line 541.
TAC1|chr7:97361271-97369784|+
TAC1|chr7:97361271-97369784|-
NEUROG1|chr5:134869972-134871639|+
NEUROG1|chr5:134869972-134871639|-
BMP3|chr4:81952119-81978685|+
BMP3|chr4:81952119-81978685|-
PTEN|chr10:89623195-89728532|+
PTEN|chr10:89623195-89728532|-
CHFR|chr12:133416938-133464204|+
CHFR|chr12:133416938-133464204|-
VHL|chr3:10183319-10195354|+
VHL|chr3:10183319-10195354|-
CCNA1|chr13:37005967-37017019|+
CCNA1|chr13:37005967-37017019|-
HOXA9|chr7:27202057-27205149|+
too short at ../code/mc_site_seek.pl line 434, <IN> line 541.
HOXA9|chr7:27202057-27205149|-
too short at ../code/mc_site_seek.pl line 434, <IN> line 541.
ATM|chr11:108093559-108239826|+
ATM|chr11:108093559-108239826|-
DCC|chr18:49866542-51062273|+
DCC|chr18:49866542-51062273|-
MYOD1|chr11:17741110-17743678|+
MYOD1|chr11:17741110-17743678|-
KLK10|chr19:51516000-51523431|+
KLK10|chr19:51516000-51523431|-
AIM1|chr6:106959730-107018334|+
too short at ../code/mc_site_seek.pl line 434, <IN> line 541.
AIM1|chr6:106959730-107018334|-
too short at ../code/mc_site_seek.pl line 434, <IN> line 541.
CST6|chr11:65779462-65780976|+
CST6|chr11:65779462-65780976|-
HLTF|chr3:148747904-148804341|+
HLTF|chr3:148747904-148804341|-
HOXA10|chr7:27210210-27219880|+
HOXA10|chr7:27210210-27219880|-
NPY|chr7:24323807-24331484|+
NPY|chr7:24323807-24331484|-
OPCML|chr11:132284875-133402403|+
OPCML|chr11:132284875-133402403|-
AR|chrX:66763874-66950461|+
AR|chrX:66763874-66950461|-
BNC1|chr15:83924655-83953468|+
BNC1|chr15:83924655-83953468|-
CDH11|chr16:64980683-65155919|+
CDH11|chr16:64980683-65155919|-
CDO1|chr5:115140430-115152405|+
CDO1|chr5:115140430-115152405|-
CMTM3|chr16:66637935-66647795|+
CMTM3|chr16:66637935-66647795|-
DOK1|chr2:74776147-74784678|+
DOK1|chr2:74776147-74784678|-
FGF5|chr4:81187742-81212171|+
FGF5|chr4:81187742-81212171|-
GATA5|chr20:61038553-61051026|+
GATA5|chr20:61038553-61051026|-
HOXA7|chr7:27193338-27196296|+
too short at ../code/mc_site_seek.pl line 434, <IN> line 541.
HOXA7|chr7:27193338-27196296|-
too short at ../code/mc_site_seek.pl line 434, <IN> line 541.
MSH2|chr2:47630263-47710360|+
MSH2|chr2:47630263-47710360|-
NPTX2|chr7:98246597-98259181|+
NPTX2|chr7:98246597-98259181|-
PAX5|chr9:36838531-37034476|+
PAX5|chr9:36838531-37034476|-
SOCS2|chr12:93963598-93969978|+
SOCS2|chr12:93963598-93969978|-
SPG20|chr13:36875775-36944317|+
SPG20|chr13:36875775-36944317|-
SST|chr3:187386694-187388201|+
SST|chr3:187386694-187388201|-
XAF1|chr17:6659156-6678964|+
too short at ../code/mc_site_seek.pl line 434, <IN> line 541.
XAF1|chr17:6659156-6678964|-
too short at ../code/mc_site_seek.pl line 434, <IN> line 541.
CDH4|chr20:59827482-60515673|+
CDH4|chr20:59827482-60515673|-
NDRG4|chr16:58497549-58547523|+
NDRG4|chr16:58497549-58547523|-
NGFR|chr17:47572655-47592382|+
NGFR|chr17:47572655-47592382|-
SDC2|chr8:97505882-97624037|+
SDC2|chr8:97505882-97624037|-
SLC19A3|chr2:228549926-228582745|+
SLC19A3|chr2:228549926-228582745|-
SFRP5|chr10:99526508-99531756|+
SFRP5|chr10:99526508-99531756|-
CASP8|chr2:202098166-202152434|+
CASP8|chr2:202098166-202152434|-
DKK3|chr11:11984543-12030917|+
DKK3|chr11:11984543-12030917|-
SOCS3|chr17:76352859-76356158|+
SOCS3|chr17:76352859-76356158|-
TWIST1|chr7:19155091-19157295|+
TWIST1|chr7:19155091-19157295|-
SFRP4|chr7:37945535-37956525|+
SFRP4|chr7:37945535-37956525|-
DLC1|chr8:12940872-13372429|+
DLC1|chr8:12940872-13372429|-
HS3ST2|chr16:22825860-22927659|+
HS3ST2|chr16:22825860-22927659|-
MT1G|chr16:56700653-56701977|+
MT1G|chr16:56700653-56701977|-
PCDH10|chr4:134070470-134112732|+
PCDH10|chr4:134070470-134112732|-
SOX1|chr13:112721913-112726020|+
too short at ../code/mc_site_seek.pl line 434, <IN> line 541.
SOX1|chr13:112721913-112726020|-
too short at ../code/mc_site_seek.pl line 434, <IN> line 541.
SPARC|chr5:151040657-151066615|+
SPARC|chr5:151040657-151066615|-
WT1|chr11:32409322-32457081|+
WT1|chr11:32409322-32457081|-
EDNRB|chr13:78469616-78549664|+
EDNRB|chr13:78469616-78549664|-
EPB41L3|chr18:5392388-5543986|+
EPB41L3|chr18:5392388-5543986|-
IGFBP3|chr7:45951844-45960871|+
IGFBP3|chr7:45951844-45960871|-
DKK1|chr10:54074041-54077417|+
DKK1|chr10:54074041-54077417|-
ESR2|chr14:64693751-64805268|+
ESR2|chr14:64693751-64805268|-
GATA4|chr8:11561717-11617509|+
GATA4|chr8:11561717-11617509|-
HOXA11|chr7:27220776-27224835|+
HOXA11|chr7:27220776-27224835|-
IRF8|chr16:85932774-85956211|+
IRF8|chr16:85932774-85956211|-
RASSF2|chr20:4760669-4804291|+
RASSF2|chr20:4760669-4804291|-
SEMA3B|chr3:50305040-50314572|+
SEMA3B|chr3:50305040-50314572|-
SYK|chr9:93564012-93660842|+
SYK|chr9:93564012-93660842|-
TCF21|chr6:134210259-134216675|+
TCF21|chr6:134210259-134216675|-
TERT|chr5:1253287-1295162|+
TERT|chr5:1253287-1295162|-
TNFRSF10C|chr8:22960327-22974950|+
TNFRSF10C|chr8:22960327-22974950|-
APAF1|chr12:99039078-99129211|+
APAF1|chr12:99039078-99129211|-
BCL2|chr18:60790579-60986613|+
too short at ../code/mc_site_seek.pl line 434, <IN> line 541.
BCL2|chr18:60790579-60986613|-
too short at ../code/mc_site_seek.pl line 434, <IN> line 541.
BNIP3|chr10:133781204-133795435|+
BNIP3|chr10:133781204-133795435|-
CD44|chr11:35160417-35253949|+
CD44|chr11:35160417-35253949|-
CRABP1|chr15:78632666-78640572|+
CRABP1|chr15:78632666-78640572|-
DAB2IP|chr9:124329399-124547809|+
DAB2IP|chr9:124329399-124547809|-
EYA4|chr6:133562495-133853258|+
EYA4|chr6:133562495-133853258|-
FANCF|chr11:22644079-22647387|+
FANCF|chr11:22644079-22647387|-
FLNC|chr7:128470483-128499328|+
FLNC|chr7:128470483-128499328|-
GPX3|chr5:150399999-150408554|+
GPX3|chr5:150399999-150408554|-
GSTM2|chr1:110210644-110226619|+
GSTM2|chr1:110210644-110226619|-
HOXA5|chr7:27180671-27183287|+
HOXA5|chr7:27180671-27183287|-
HOXB13|chr17:46802127-46806111|+
HOXB13|chr17:46802127-46806111|-
ID4|chr6:19837601-19842431|+
ID4|chr6:19837601-19842431|-
ITGA4|chr2:182321619-182402468|+
ITGA4|chr2:182321619-182402468|-
LOX|chr5:121398890-121414055|+
LOX|chr5:121398890-121414055|-
MAL|chr2:95691479-95719735|+
MAL|chr2:95691479-95719735|-
PAX6|chr11:31806340-31839509|+
PAX6|chr11:31806340-31839509|-
PCDH17|chr13:58205789-58303065|+
too short at ../code/mc_site_seek.pl line 434, <IN> line 541.
too short at ../code/mc_site_seek.pl line 434, <IN> line 541.
PCDH17|chr13:58205789-58303065|-
too short at ../code/mc_site_seek.pl line 434, <IN> line 541.
too short at ../code/mc_site_seek.pl line 434, <IN> line 541.
PDLIM4|chr5:131593351-131609147|+
PDLIM4|chr5:131593351-131609147|-
PEG3|chr19:57321445-57352094|+
PEG3|chr19:57321445-57352094|-
RASSF10|chr11:13030970-13033653|+
RASSF10|chr11:13030970-13033653|-
RASSF5|chr1:206680879-206762616|+
RASSF5|chr1:206680879-206762616|-
SLC5A8|chr12:101549994-101604016|+
SLC5A8|chr12:101549994-101604016|-
SOX9|chr17:70117161-70122560|+
SOX9|chr17:70117161-70122560|-
SPINT2|chr19:38755098-38783254|+
SPINT2|chr19:38755098-38783254|-
UNC5C|chr4:96083656-96470361|+
UNC5C|chr4:96083656-96470361|-
ZIC1|chr3:147127181-147134506|+
ZIC1|chr3:147127181-147134506|-
ZNF154|chr19:58211810-58220579|+
ZNF154|chr19:58211810-58220579|-
BRCA2|chr13:32889617-32973809|+
BRCA2|chr13:32889617-32973809|-
FLT3|chr13:28577411-28674729|+
FLT3|chr13:28577411-28674729|-
HOXD11|chr2:176972084-176974316|+
HOXD11|chr2:176972084-176974316|-
HOXD9|chr2:176987413-176989645|+
HOXD9|chr2:176987413-176989645|-
KLF4|chr9:110247133-110252047|+
KLF4|chr9:110247133-110252047|-
BRAF|chr7:140433813-140624564|+
BRAF|chr7:140433813-140624564|-
MYC|chr8:128748315-128753680|+
MYC|chr8:128748315-128753680|-
TAP1|chr6:32812986-32821748|+
TAP1|chr6:32812986-32821748|-
TGFB2|chr1:218518676-218617961|+
TGFB2|chr1:218518676-218617961|-
DGAT2L6|chrX:69397336-69425553|+
DGAT2L6|chrX:69397336-69425553|-
TBX5|chr12:114791735-114846247|+
TBX5|chr12:114791735-114846247|-
HOXA6|chr7:27185202-27187393|+
HOXA6|chr7:27185202-27187393|-
GPR133|chr12:131438452-131626008|+
GPR133|chr12:131438452-131626008|-
GLP2R|chr17:9729381-9793022|+
GLP2R|chr17:9729381-9793022|-
GPC4|chrX:132435064-132549205|+
GPC4|chrX:132435064-132549205|-
PRAP1|chr10:135160844-135166187|+
PRAP1|chr10:135160844-135166187|-
RCVRN|chr17:9801027-9808684|+
RCVRN|chr17:9801027-9808684|-
KLK12|chr19:51532348-51538148|+
KLK12|chr19:51532348-51538148|-
SMPX|chrX:21724090-21776278|+
SMPX|chrX:21724090-21776278|-
CLCN5|chrX:49687225-49863892|+
CLCN5|chrX:49687225-49863892|-
UPB1|chr22:24891251-24922553|+
UPB1|chr22:24891251-24922553|-
IGF2BP1|chr17:47074774-47133507|+
IGF2BP1|chr17:47074774-47133507|-
WDR66|chr12:122356463-122441832|+
WDR66|chr12:122356463-122441832|-
TEX26|chr13:31506834-31549153|+
TEX26|chr13:31506834-31549153|-
MIR589 length is shorter than 100 bp.
PDE2A|chr11:72287184-72385497|+
PDE2A|chr11:72287184-72385497|-
PITPNC1|chr17:65373924-65689647|+
PITPNC1|chr17:65373924-65689647|-
D4S234E|chr4:4387983-4420785|+
D4S234E|chr4:4387983-4420785|-
FAR2|chr12:29376598-29487006|+
FAR2|chr12:29376598-29487006|-
MAB21L1|chr13:36047926-36050832|+
MAB21L1|chr13:36047926-36050832|-
FAM47A|chrX:34147869-34150447|+
FAM47A|chrX:34147869-34150447|-
CSNK1A1P1|chr15:37091301-37110707|+
CSNK1A1P1|chr15:37091301-37110707|-
SOX11|chr2:5832799-5841517|+
SOX11|chr2:5832799-5841517|-
NBEA|chr13:35516424-36246874|+
NBEA|chr13:35516424-36246874|-
KLHL14|chr18:30252634-30352974|+
KLHL14|chr18:30252634-30352974|-
MS4A3|chr11:59824101-59838588|+
MS4A3|chr11:59824101-59838588|-
BMP7|chr20:55743809-55841707|+
BMP7|chr20:55743809-55841707|-
GPR143|chrX:9693453-9734005|+
GPR143|chrX:9693453-9734005|-
VENTXP1|chrX:26576454-26579169|+
VENTXP1|chrX:26576454-26579169|-
BEND7|chr10:13480484-13544976|+
BEND7|chr10:13480484-13544976|-
IGDCC4|chr15:65673825-65715410|+
IGDCC4|chr15:65673825-65715410|-
PTPRN2|chr7:157331750-158380482|+
PTPRN2|chr7:157331750-158380482|-
TMEM201|chr1:9648932-9674935|+
TMEM201|chr1:9648932-9674935|-
ARHGEF6|chrX:135747712-135863503|+
ARHGEF6|chrX:135747712-135863503|-
CADPS2|chr7:121958478-122526813|+
CADPS2|chr7:121958478-122526813|-
IGSF9B|chr11:133785185-133826880|+
IGSF9B|chr11:133785185-133826880|-
PDE3A|chr12:20522179-20837041|+
PDE3A|chr12:20522179-20837041|-
UNC13A|chr19:17712137-17799008|+
UNC13A|chr19:17712137-17799008|-
MIR503 length is shorter than 100 bp.
ISL2|chr15:76629147-76634816|+
ISL2|chr15:76629147-76634816|-
TCHH|chr1:152078793-152086556|+
TCHH|chr1:152078793-152086556|-
TLX2|chr2:74741596-74744275|+
TLX2|chr2:74741596-74744275|-
DMRTA2|chr1:50883223-50889119|+
DMRTA2|chr1:50883223-50889119|-
FOXG1|chr14:29236278-29239483|+
FOXG1|chr14:29236278-29239483|-
ZNF75D|chrX:134419723-134429965|+
ZNF75D|chrX:134419723-134429965|-
EVX2|chr2:176944835-176948690|+
EVX2|chr2:176944835-176948690|-
ADCYAP1|chr18:904944-912173|+
ADCYAP1|chr18:904944-912173|-
ZNF560|chr19:9577031-9609279|+
ZNF560|chr19:9577031-9609279|-
POU3F3|chr2:105471969-105473471|+
POU3F3|chr2:105471969-105473471|-
EN1|chr2:119599747-119605759|+
EN1|chr2:119599747-119605759|-
HOXD13|chr2:176957532-176960666|+
HOXD13|chr2:176957532-176960666|-
PRDM13|chr6:100054650-100063454|+
PRDM13|chr6:100054650-100063454|-
SLFN12L|chr17:33801942-33814758|+
SLFN12L|chr17:33801942-33814758|-
LHX8|chr1:75594119-75627218|+
LHX8|chr1:75594119-75627218|-
ZNF613|chr19:52430688-52449011|+
ZNF613|chr19:52430688-52449011|-
IER3|chr6:30710976-30712327|+
IER3|chr6:30710976-30712327|-
H19|chr11:2016406-2019065|+
too short at ../code/mc_site_seek.pl line 434, <IN> line 541.
too short at ../code/mc_site_seek.pl line 434, <IN> line 541.
H19|chr11:2016406-2019065|-
too short at ../code/mc_site_seek.pl line 434, <IN> line 541.
too short at ../code/mc_site_seek.pl line 434, <IN> line 541.
GP1BB|chr22:19711066-19712297|+
too short at ../code/mc_site_seek.pl line 434, <IN> line 541.
GP1BB|chr22:19711066-19712297|-
too short at ../code/mc_site_seek.pl line 434, <IN> line 541.
CLEC11A|chr19:51226605-51228981|+
CLEC11A|chr19:51226605-51228981|-
BCL9|chr1:147013182-147098015|+
BCL9|chr1:147013182-147098015|-
ASTN1|chr1:176830203-177134024|+
ASTN1|chr1:176830203-177134024|-
C10orf91|chr10:134258714-134261825|+
C10orf91|chr10:134258714-134261825|-
MIR10A|chr17:46657200-46657309|+
MIR10A|chr17:46657200-46657309|-
PTK6|chr20:62159776-62168723|+
PTK6|chr20:62159776-62168723|-
TRIP6|chr7:100464950-100471076|+
too short at ../code/mc_site_seek.pl line 434, <IN> line 541.
too short at ../code/mc_site_seek.pl line 434, <IN> line 541.
TRIP6|chr7:100464950-100471076|-
too short at ../code/mc_site_seek.pl line 434, <IN> line 541.
too short at ../code/mc_site_seek.pl line 434, <IN> line 541.
42983 not exists in gtf files.
OLFM1|chr9:137967089-138013030|+
OLFM1|chr9:137967089-138013030|-
CORO6|chr17:27941774-27948441|+
too short at ../code/mc_site_seek.pl line 434, <IN> line 541.
CORO6|chr17:27941774-27948441|-
too short at ../code/mc_site_seek.pl line 434, <IN> line 541.
DLGAP3|chr1:35331037-35370984|+
DLGAP3|chr1:35331037-35370984|-
SLC6A12|chr12:299243-323371|+
too short at ../code/mc_site_seek.pl line 434, <IN> line 541.
SLC6A12|chr12:299243-323371|-
too short at ../code/mc_site_seek.pl line 434, <IN> line 541.
C1QTNF8|chr16:1138226-1146244|+
C1QTNF8|chr16:1138226-1146244|-
CHAD|chr17:48541853-48546227|+
CHAD|chr17:48541853-48546227|-
HOXB5|chr17:46668619-46671103|+
HOXB5|chr17:46668619-46671103|-
SYCP1|chr1:115397455-115537990|+
SYCP1|chr1:115397455-115537990|-
PRR15|chr7:29603427-29606911|+
PRR15|chr7:29603427-29606911|-
GATA2|chr3:128198265-128212030|+
GATA2|chr3:128198265-128212030|-
GAD1|chr2:171673200-171717659|+
GAD1|chr2:171673200-171717659|-
ALOX5|chr10:45869624-45941567|+
ALOX5|chr10:45869624-45941567|-
FOXI2|chr10:129535538-129539450|+
FOXI2|chr10:129535538-129539450|-
IRX5|chr16:54965111-54968395|+
IRX5|chr16:54965111-54968395|-
SIM2|chr21:38071991-38122510|+
SIM2|chr21:38071991-38122510|-
ERLIN2|chr8:37594097-37615319|+
ERLIN2|chr8:37594097-37615319|-
ZADH2|chr18:72909278-72921281|+
ZADH2|chr18:72909278-72921281|-
EVX1|chr7:27282164-27286192|+
EVX1|chr7:27282164-27286192|-
PAX9|chr14:37126773-37147011|+
too short at ../code/mc_site_seek.pl line 434, <IN> line 541.
PAX9|chr14:37126773-37147011|-
too short at ../code/mc_site_seek.pl line 434, <IN> line 541.
REC8|chr14:24641234-24649463|+
REC8|chr14:24641234-24649463|-
HOXA2|chr7:27139973-27142394|+
HOXA2|chr7:27139973-27142394|-
HOXB7|chr17:46684595-46688383|+
HOXB7|chr17:46684595-46688383|-
ICAM5|chr19:10400655-10407454|+
ICAM5|chr19:10400655-10407454|-
ZNF577|chr19:52359056-52391229|+
ZNF577|chr19:52359056-52391229|-
AMT|chr3:49454211-49460111|+
AMT|chr3:49454211-49460111|-
RSPH6A|chr19:46298968-46318605|+
RSPH6A|chr19:46298968-46318605|-
HOXA10-HOXA9|chr7:27202057-27219880|+
too short at ../code/mc_site_seek.pl line 434, <IN> line 541.
HOXA10-HOXA9|chr7:27202057-27219880|-
too short at ../code/mc_site_seek.pl line 434, <IN> line 541.
KCNQ1DN|chr11:2891263-2893336|+
KCNQ1DN|chr11:2891263-2893336|-
SOX2-OT|chr3:181328151-181459005|+
SOX2-OT|chr3:181328151-181459005|-
ZSCAN12P1|chr6:28058929-28063493|+
ZSCAN12P1|chr6:28058929-28063493|-
MEIS2|chr15:37183222-37393500|+
MEIS2|chr15:37183222-37393500|-
PAX3|chr2:223064606-223163715|+
PAX3|chr2:223064606-223163715|-
OSR2|chr8:99956631-99964326|+
OSR2|chr8:99956631-99964326|-
MIMT1|chr19:57352270-57359922|+
MIMT1|chr19:57352270-57359922|-
OTX1|chr2:63277192-63284966|+
OTX1|chr2:63277192-63284966|-
IFFO1|chr12:6648694-6665249|+
IFFO1|chr12:6648694-6665249|-
ZIM2|chr19:57285923-57352097|+
ZIM2|chr19:57285923-57352097|-
MEIS1|chr2:66662532-66799891|+
MEIS1|chr2:66662532-66799891|-
L3MBTL1|chr20:42136320-42170535|+
L3MBTL1|chr20:42136320-42170535|-
VTRNA2-1 length is shorter than 100 bp.
DLX1|chr2:172950208-172954401|+
DLX1|chr2:172950208-172954401|-
FOXA2|chr20:22561642-22566101|+
FOXA2|chr20:22561642-22566101|-
COMMD3-BMI1|chr10:22605312-22620414|+
COMMD3-BMI1|chr10:22605312-22620414|-
THAP4|chr2:242523820-242576725|+
THAP4|chr2:242523820-242576725|-
SGTA|chr19:2754712-2783354|+
too short at ../code/mc_site_seek.pl line 434, <IN> line 541.
too short at ../code/mc_site_seek.pl line 434, <IN> line 541.
SGTA|chr19:2754712-2783354|-
too short at ../code/mc_site_seek.pl line 434, <IN> line 541.
too short at ../code/mc_site_seek.pl line 434, <IN> line 541.
RGS22|chr8:100973276-101118344|+
RGS22|chr8:100973276-101118344|-
NOS1|chr12:117645947-117799607|+
NOS1|chr12:117645947-117799607|-
RAB41|chrX:69502022-69504852|+
RAB41|chrX:69502022-69504852|-
SGCE|chr7:94214536-94285521|+
SGCE|chr7:94214536-94285521|-
DRD5|chr4:9783258-9785633|+
DRD5|chr4:9783258-9785633|-
ZDHHC1|chr16:67428322-67450339|+
ZDHHC1|chr16:67428322-67450339|-
SKAP2|chr7:26706688-26904341|+
SKAP2|chr7:26706688-26904341|-
TSTD1|chr1:161007422-161008774|+
TSTD1|chr1:161007422-161008774|-
KRTCAP3|chr2:27665233-27669348|+
KRTCAP3|chr2:27665233-27669348|-
LINC00336|chr6:33553883-33561115|+
LINC00336|chr6:33553883-33561115|-
PRDM6|chr5:122424841-122523745|+
PRDM6|chr5:122424841-122523745|-
C20orf85|chr20:56725983-56736183|+
C20orf85|chr20:56725983-56736183|-
NBR2|chr17:41277600-41297125|+
NBR2|chr17:41277600-41297125|-
C10orf95|chr10:104209594-104211300|+
C10orf95|chr10:104209594-104211300|-
MKNK2|chr19:2037470-2051243|+
MKNK2|chr19:2037470-2051243|-
HOTTIP|chr7:27240040-27246130|+
HOTTIP|chr7:27240040-27246130|-
MARVELD2|chr5:68710939-68737890|+
MARVELD2|chr5:68710939-68737890|-
GRHL2|chr8:102504668-102681952|+
GRHL2|chr8:102504668-102681952|-
SLC37A3|chr7:140033552-140098311|+
SLC37A3|chr7:140033552-140098311|-
MSH4|chr1:76262556-76378923|+
MSH4|chr1:76262556-76378923|-
SLC17A7|chr19:49932655-49944808|+
SLC17A7|chr19:49932655-49944808|-
PCOLCE|chr7:100199882-100205798|+
too short at ../code/mc_site_seek.pl line 434, <IN> line 541.
PCOLCE|chr7:100199882-100205798|-
too short at ../code/mc_site_seek.pl line 434, <IN> line 541.
HIST1H4I|chr6:27107088-27107457|+
HIST1H4I|chr6:27107088-27107457|-
ECEL1P2|chr2:233250460-233251754|+
ECEL1P2|chr2:233250460-233251754|-
HNF1B|chr17:36046434-36105096|+
HNF1B|chr17:36046434-36105096|-
LTF|chr3:46477496-46506598|+
LTF|chr3:46477496-46506598|-
PON3|chr7:94989184-95025687|+
PON3|chr7:94989184-95025687|-
NEAT1|chr11:65190269-65194003|+
NEAT1|chr11:65190269-65194003|-
CCRL2|chr3:46448721-46451014|+
CCRL2|chr3:46448721-46451014|-
LTB4R2|chr14:24779357-24781259|+
LTB4R2|chr14:24779357-24781259|-
CHD2|chr15:93443551-93571237|+
CHD2|chr15:93443551-93571237|-
UBTF|chr17:42282401-42298994|+
UBTF|chr17:42282401-42298994|-
FAM171A2|chr17:42431101-42441235|+
FAM171A2|chr17:42431101-42441235|-
CIDEB|chr14:24774393-24780576|+
CIDEB|chr14:24774393-24780576|-
BTNL9|chr5:180467225-180488523|+
BTNL9|chr5:180467225-180488523|-
ATP6V1B1|chr2:71162998-71192561|+
ATP6V1B1|chr2:71162998-71192561|-
LTB4R|chr14:24780705-24787242|+
LTB4R|chr14:24780705-24787242|-
CDHR1|chr10:85954412-85979376|+
CDHR1|chr10:85954412-85979376|-
NEO1|chr15:73344825-73597547|+
NEO1|chr15:73344825-73597547|-
ARHGEF26|chr3:153838792-153975616|+
ARHGEF26|chr3:153838792-153975616|-
KLF6|chr10:3818188-3827473|+
KLF6|chr10:3818188-3827473|-
AKR7L|chr1:19592476-19600568|+
AKR7L|chr1:19592476-19600568|-
LAGE3|chrX:153705241-153707596|+
LAGE3|chrX:153705241-153707596|-
LONP1|chr19:5691845-5720176|+
LONP1|chr19:5691845-5720176|-
ICAM4|chr19:10397643-10399260|+
too short at ../code/mc_site_seek.pl line 434, <IN> line 541.
too short at ../code/mc_site_seek.pl line 434, <IN> line 541.
ICAM4|chr19:10397643-10399260|-
too short at ../code/mc_site_seek.pl line 434, <IN> line 541.
too short at ../code/mc_site_seek.pl line 434, <IN> line 541.
AFF2|chrX:147582139-148082193|+
AFF2|chrX:147582139-148082193|-
CHST7|chrX:46433192-46457838|+
CHST7|chrX:46433192-46457838|-
BANK1|chr4:102711764-102995969|+
BANK1|chr4:102711764-102995969|-
WRAP73|chr1:3547331-3566671|+
too short at ../code/mc_site_seek.pl line 434, <IN> line 541.
too short at ../code/mc_site_seek.pl line 434, <IN> line 541.
WRAP73|chr1:3547331-3566671|-
too short at ../code/mc_site_seek.pl line 434, <IN> line 541.
too short at ../code/mc_site_seek.pl line 434, <IN> line 541.
WNT3A|chr1:228194723-228248972|+
WNT3A|chr1:228194723-228248972|-
MIR1909 length is shorter than 100 bp.
INPP5B|chr1:38326369-38412729|+
INPP5B|chr1:38326369-38412729|-
PLEKHM2|chr1:16010827-16061264|+
too short at ../code/mc_site_seek.pl line 434, <IN> line 541.
PLEKHM2|chr1:16010827-16061264|-
too short at ../code/mc_site_seek.pl line 434, <IN> line 541.
TTYH3|chr7:2671603-2704436|+
TTYH3|chr7:2671603-2704436|-
SPEG|chr2:220299700-220358354|+
SPEG|chr2:220299700-220358354|-
VWA5B1|chr1:20617412-20681387|+
VWA5B1|chr1:20617412-20681387|-
NPBWR1|chr8:53852468-53853454|+
NPBWR1|chr8:53852468-53853454|-
GALR1|chr18:74962008-74982096|+
GALR1|chr18:74962008-74982096|-
NAP1L5|chr4:89617066-89619023|+
NAP1L5|chr4:89617066-89619023|-
RNLS|chr10:90033621-90343082|+
RNLS|chr10:90033621-90343082|-
VWC2|chr7:49813257-49952138|+
VWC2|chr7:49813257-49952138|-
NKX2-6|chr8:23559964-23564111|+
NKX2-6|chr8:23559964-23564111|-
TLX3|chr5:170736288-170739138|+
TLX3|chr5:170736288-170739138|-
SALL1|chr16:51169886-51185183|+
SALL1|chr16:51169886-51185183|-
NR0B1|chrX:30322539-30327495|+
NR0B1|chrX:30322539-30327495|-
BSX|chr11:122848357-122852379|+
BSX|chr11:122848357-122852379|-
SSTR4|chr20:23016057-23017314|+
SSTR4|chr20:23016057-23017314|-
NEFM|chr8:24771274-24776606|+
NEFM|chr8:24771274-24776606|-
NKX2-4|chr20:21376005-21378047|+
NKX2-4|chr20:21376005-21378047|-
GRIA4|chr11:105480800-105852819|+
GRIA4|chr11:105480800-105852819|-
ADAM32|chr8:38965050-39142436|+
ADAM32|chr8:38965050-39142436|-
KCNA3|chr1:111214310-111217655|+
KCNA3|chr1:111214310-111217655|-
TMEM101|chr17:42088556-42092345|+
TMEM101|chr17:42088556-42092345|-
HIST1H4F|chr6:26240654-26241021|+
HIST1H4F|chr6:26240654-26241021|-
RPS6KA6|chrX:83313354-83442943|+
RPS6KA6|chrX:83313354-83442943|-
POU4F2|chr4:147560045-147563623|+
too short at ../code/mc_site_seek.pl line 434, <IN> line 541.
too short at ../code/mc_site_seek.pl line 434, <IN> line 541.
POU4F2|chr4:147560045-147563623|-
too short at ../code/mc_site_seek.pl line 434, <IN> line 541.
too short at ../code/mc_site_seek.pl line 434, <IN> line 541.
ZNF454|chr5:178368194-178393218|+
ZNF454|chr5:178368194-178393218|-
MAGEH1|chrX:55478538-55479999|+
MAGEH1|chrX:55478538-55479999|-
PHOX2A|chr11:71950121-71955220|+
PHOX2A|chr11:71950121-71955220|-
NDN|chr15:23930554-23932450|+
NDN|chr15:23930554-23932450|-
ZIK1|chr19:58095628-58103758|+
ZIK1|chr19:58095628-58103758|-
GYPC|chr2:127413511-127454251|+
GYPC|chr2:127413511-127454251|-
LYPD5|chr19:44300079-44324808|+
LYPD5|chr19:44300079-44324808|-
SIM1|chr6:100836750-100911551|+
too short at ../code/mc_site_seek.pl line 434, <IN> line 541.
too short at ../code/mc_site_seek.pl line 434, <IN> line 541.
SIM1|chr6:100836750-100911551|-
too short at ../code/mc_site_seek.pl line 434, <IN> line 541.
too short at ../code/mc_site_seek.pl line 434, <IN> line 541.
ZNF833P|chr19:11784813-11797384|+
ZNF833P|chr19:11784813-11797384|-
TRRAP|chr7:98476113-98610866|+
TRRAP|chr7:98476113-98610866|-
EHMT2|chr6:31847537-31865464|+
EHMT2|chr6:31847537-31865464|-
HBG2|chr11:5274421-5276011|+
HBG2|chr11:5274421-5276011|-
THOP1|chr19:2785506-2813599|+
THOP1|chr19:2785506-2813599|-
CACNA1E|chr1:181452686-181775921|+
CACNA1E|chr1:181452686-181775921|-
POFUT2|chr21:46683843-46707811|+
POFUT2|chr21:46683843-46707811|-
HCFC1|chrX:153213008-153236819|+
HCFC1|chrX:153213008-153236819|-
COL6A1|chr21:47401663-47424963|+
COL6A1|chr21:47401663-47424963|-
CLDN18|chr3:137717658-137752494|+
CLDN18|chr3:137717658-137752494|-
SHISA9|chr16:12995477-13334273|+
SHISA9|chr16:12995477-13334273|-
DCAF4L2|chr8:88882971-88886296|+
DCAF4L2|chr8:88882971-88886296|-
SS18L1|chr20:60718822-60757566|+
SS18L1|chr20:60718822-60757566|-
HOXC11|chr12:54366910-54370203|+
HOXC11|chr12:54366910-54370203|-
RPL13A|chr19:49990865-49995564|+
RPL13A|chr19:49990865-49995564|-
SNORD35A length is shorter than 100 bp.
HRNR|chr1:152184558-152196669|+
HRNR|chr1:152184558-152196669|-
SNORD34 length is shorter than 100 bp.
IRS1|chr2:227596033-227663506|+
IRS1|chr2:227596033-227663506|-
CNR1|chr6:88849585-88875767|+
CNR1|chr6:88849585-88875767|-
C19orf44|chr19:16607205-16632163|+
C19orf44|chr19:16607205-16632163|-
INS-IGF2|chr11:2150342-2182439|+
INS-IGF2|chr11:2150342-2182439|-
IGF2|chr11:2150347-2170833|+
IGF2|chr11:2150347-2170833|-
CSNK1E|chr22:38686697-38714089|+
CSNK1E|chr22:38686697-38714089|-
FXYD7|chr19:35634154-35645205|+
FXYD7|chr19:35634154-35645205|-
RCN3|chr19:50030875-50046890|+
too short at ../code/mc_site_seek.pl line 434, <IN> line 541.
RCN3|chr19:50030875-50046890|-
too short at ../code/mc_site_seek.pl line 434, <IN> line 541.
GFM1|chr3:158362317-158410360|+
GFM1|chr3:158362317-158410360|-
LXN|chr3:158384203-158390482|+
LXN|chr3:158384203-158390482|-
GFRA3|chr5:137588069-137610253|+
GFRA3|chr5:137588069-137610253|-
VMO1|chr17:4688580-4689729|+
VMO1|chr17:4688580-4689729|-
SLC16A5|chr17:73084055-73102248|+
SLC16A5|chr17:73084055-73102248|-
LYPD3|chr19:43964946-43969831|+
LYPD3|chr19:43964946-43969831|-
RNF123|chr3:49726950-49758962|+
RNF123|chr3:49726950-49758962|-
AMIGO3|chr3:49754267-49757238|+
AMIGO3|chr3:49754267-49757238|-
GMPPB|chr3:49758932-49761384|+
GMPPB|chr3:49758932-49761384|-
F12|chr5:176829139-176836577|+
F12|chr5:176829139-176836577|-
DEF6|chr6:35265595-35289548|+
DEF6|chr6:35265595-35289548|-
TRIL|chr7:28992974-28998029|+
TRIL|chr7:28992974-28998029|-
C3P1|chr19:10152032-10184813|+
C3P1|chr19:10152032-10184813|-
PEG10|chr7:94285637-94299006|+
PEG10|chr7:94285637-94299006|-
MUC6|chr11:1012824-1036706|+
MUC6|chr11:1012824-1036706|-
LGI4|chr19:35615417-35626178|+
LGI4|chr19:35615417-35626178|-
UNC5A|chr5:176237560-176307899|+
UNC5A|chr5:176237560-176307899|-
TMEM52|chr1:1849029-1850740|+
TMEM52|chr1:1849029-1850740|-
CELSR2|chr1:109792641-109818378|+
CELSR2|chr1:109792641-109818378|-
ZNF628|chr19:55987699-55995854|+
ZNF628|chr19:55987699-55995854|-
TMPRSS6|chr22:37461479-37499693|+
TMPRSS6|chr22:37461479-37499693|-
F2RL3|chr19:16999826-17002830|+
F2RL3|chr19:16999826-17002830|-
CEACAM8|chr19:43084395-43099082|+
CEACAM8|chr19:43084395-43099082|-
HOXA4|chr7:27168126-27170399|+
HOXA4|chr7:27168126-27170399|-
DDC|chr7:50526134-50633154|+
DDC|chr7:50526134-50633154|-
INS|chr11:2181009-2182439|+
INS|chr11:2181009-2182439|-
FAM19A5|chr22:48885288-49147744|+
FAM19A5|chr22:48885288-49147744|-
XKR4|chr8:56015017-56438710|+
XKR4|chr8:56015017-56438710|-
SDK2|chr17:71330523-71640227|+
SDK2|chr17:71330523-71640227|-
MMP26|chr11:5009424-5013659|+
MMP26|chr11:5009424-5013659|-
RTL1|chr14:101346992-101351184|+
RTL1|chr14:101346992-101351184|-
MGAM|chr7:141695679-141806547|+
MGAM|chr7:141695679-141806547|-
HBE1|chr11:5289580-5291373|+
HBE1|chr11:5289580-5291373|-
MEG8|chr14:101361107-101373305|+
MEG8|chr14:101361107-101373305|-
MIR485 length is shorter than 100 bp.
TMEM88|chr17:7758384-7759417|+
TMEM88|chr17:7758384-7759417|-
IGSF11|chr3:118619479-118864898|+
IGSF11|chr3:118619479-118864898|-
NPSR1|chr7:34697897-34917944|+
NPSR1|chr7:34697897-34917944|-
MIR299 length is shorter than 100 bp.
MYO18B|chr22:26138120-26427007|+
MYO18B|chr22:26138120-26427007|-
C3orf30|chr3:118864997-118870302|+
C3orf30|chr3:118864997-118870302|-
CPZ|chr4:8594387-8621488|+
CPZ|chr4:8594387-8621488|-
CUZD1|chr10:124591671-124605691|+
CUZD1|chr10:124591671-124605691|-
HLA-J|chr6:29973748-29977733|+
HLA-J|chr6:29973748-29977733|-
GPX6|chr6:28471073-28483570|+
GPX6|chr6:28471073-28483570|-
PAGE5|chrX:55246791-55250541|+
PAGE5|chrX:55246791-55250541|-
KLF8|chrX:56258822-56314322|+
KLF8|chrX:56258822-56314322|-
SOX2|chr3:181429712-181432223|+
SOX2|chr3:181429712-181432223|-
SHISA6|chr17:11144740-11467380|+
SHISA6|chr17:11144740-11467380|-
ARHGAP40|chr20:37230577-37279295|+
ARHGAP40|chr20:37230577-37279295|-
HIF3A|chr19:46800303-46846690|+
HIF3A|chr19:46800303-46846690|-
ADARB2-AS1|chr10:1568825-1599179|+
ADARB2-AS1|chr10:1568825-1599179|-
ACY3|chr11:67410026-67418130|+
ACY3|chr11:67410026-67418130|-
GATM|chr15:45653322-45670980|+
GATM|chr15:45653322-45670980|-
BAIAP3|chr16:1383606-1399442|+
BAIAP3|chr16:1383606-1399442|-
CPAMD8|chr19:17003762-17137625|+
CPAMD8|chr19:17003762-17137625|-
COMP|chr19:18893583-18902114|+
COMP|chr19:18893583-18902114|-
KCNS1|chr20:43720950-43729753|+
KCNS1|chr20:43720950-43729753|-
ARX|chrX:25021813-25034065|+
ARX|chrX:25021813-25034065|-
HOTAIR|chr12:54356096-54362515|+
too short at ../code/mc_site_seek.pl line 434, <IN> line 541.
too short at ../code/mc_site_seek.pl line 434, <IN> line 541.
HOTAIR|chr12:54356096-54362515|-
too short at ../code/mc_site_seek.pl line 434, <IN> line 541.
too short at ../code/mc_site_seek.pl line 434, <IN> line 541.
C11orf87|chr11:109292846-109299893|+
C11orf87|chr11:109292846-109299893|-
COL2A1|chr12:48366748-48398285|+
COL2A1|chr12:48366748-48398285|-
LHX2|chr9:126773889-126795442|+
LHX2|chr9:126773889-126795442|-
GALNT3|chr2:166604313-166650803|+
GALNT3|chr2:166604313-166650803|-
HCG4B|chr6:29892369-29893428|+
too short at ../code/mc_site_seek.pl line 434, <IN> line 541.
HCG4B|chr6:29892369-29893428|-
too short at ../code/mc_site_seek.pl line 434, <IN> line 541.
TRIM72|chr16:31225342-31236510|+
TRIM72|chr16:31225342-31236510|-
GRB7|chr17:37894162-37903538|+
GRB7|chr17:37894162-37903538|-
MIR196B length is shorter than 100 bp.
PDX1|chr13:28494168-28500451|+
too short at ../code/mc_site_seek.pl line 434, <IN> line 541.
PDX1|chr13:28494168-28500451|-
too short at ../code/mc_site_seek.pl line 434, <IN> line 541.
CHAT|chr10:50817141-50873150|+
CHAT|chr10:50817141-50873150|-
MAGI2-AS3|chr7:79082273-79100524|+
MAGI2-AS3|chr7:79082273-79100524|-
SLITRK1|chr13:84451343-84456528|+
SLITRK1|chr13:84451343-84456528|-
CDH8|chr16:61685915-62070739|+
CDH8|chr16:61685915-62070739|-
SP6|chr17:45922280-45933240|+
SP6|chr17:45922280-45933240|-
GNGT1|chr7:93535820-93540485|+
GNGT1|chr7:93535820-93540485|-
MSC|chr8:72753777-72756731|+
MSC|chr8:72753777-72756731|-
SORCS3|chr10:106400859-107024993|+
SORCS3|chr10:106400859-107024993|-
NELL1|chr11:20691117-21597229|+
NELL1|chr11:20691117-21597229|-
SLC32A1|chr20:37353105-37358015|+
SLC32A1|chr20:37353105-37358015|-
PRDM16|chr1:2985742-3355185|+
too short at ../code/mc_site_seek.pl line 434, <IN> line 541.
PRDM16|chr1:2985742-3355185|-
too short at ../code/mc_site_seek.pl line 434, <IN> line 541.
MSLN|chr16:810765-818865|+
too short at ../code/mc_site_seek.pl line 434, <IN> line 541.
MSLN|chr16:810765-818865|-
too short at ../code/mc_site_seek.pl line 434, <IN> line 541.
RIMBP2|chr12:130880681-131002410|+
RIMBP2|chr12:130880681-131002410|-
PCGF3|chr4:699573-764427|+
PCGF3|chr4:699573-764427|-
NTM|chr11:131240371-132206716|+
NTM|chr11:131240371-132206716|-
SUN1|chr7:855194-914557|+
SUN1|chr7:855194-914557|-
TCERG1L|chr10:132890655-133109984|+
TCERG1L|chr10:132890655-133109984|-
VPS52|chr6:33218049-33239662|+
VPS52|chr6:33218049-33239662|-
PCNT|chr21:47744036-47865682|+
PCNT|chr21:47744036-47865682|-
TRAPPC12|chr2:3383446-3483342|+
TRAPPC12|chr2:3383446-3483342|-
CCDC57|chr17:80059346-80170689|+
CCDC57|chr17:80059346-80170689|-
INTS1|chr7:1509913-1544018|+
INTS1|chr7:1509913-1544018|-
LPP|chr3:187871663-188608460|+
LPP|chr3:187871663-188608460|-
LINC00461|chr5:87836597-87980620|+
LINC00461|chr5:87836597-87980620|-
FGF13|chrX:137713734-138287185|+
FGF13|chrX:137713734-138287185|-
RALYL|chr8:85095453-85834078|+
RALYL|chr8:85095453-85834078|-
SOX3|chrX:139585152-139587225|+
SOX3|chrX:139585152-139587225|-
42805 not exists in gtf files.
ESX1|chrX:103494719-103499599|+
ESX1|chrX:103494719-103499599|-
PHOX2B|chr4:41746099-41750987|+
PHOX2B|chr4:41746099-41750987|-
DGKK|chrX:50111879-50213721|+
DGKK|chrX:50111879-50213721|-
KIRREL3|chr11:126293396-126870766|+
KIRREL3|chr11:126293396-126870766|-
XKR6|chr8:10753657-11058875|+
XKR6|chr8:10753657-11058875|-
OR11A1|chr6:29393281-29395509|+
OR11A1|chr6:29393281-29395509|-
BAI1|chr8:143545377-143626368|+
BAI1|chr8:143545377-143626368|-
C10orf90|chr10:128113574-128210010|+
C10orf90|chr10:128113574-128210010|-
FAT3|chr11:92085262-92629635|+
FAT3|chr11:92085262-92629635|-
COL6A3|chr2:238232655-238322850|+
COL6A3|chr2:238232655-238322850|-
PCBP3|chr21:47269875-47362368|+
PCBP3|chr21:47269875-47362368|-
PDZD2|chr5:31799031-32111038|+
PDZD2|chr5:31799031-32111038|-
MOG|chr6:29624758-29640149|+
MOG|chr6:29624758-29640149|-
EPHB1|chr3:134514099-134979307|+
EPHB1|chr3:134514099-134979307|-
EBF1|chr5:158122923-158526788|+
EBF1|chr5:158122923-158526788|-
OR5V1|chr6:29323007-29324054|+
OR5V1|chr6:29323007-29324054|-
PRSS23|chr11:86511491-86522273|+
PRSS23|chr11:86511491-86522273|-
PRKCH|chr14:61788515-62017698|+
PRKCH|chr14:61788515-62017698|-
SEMA6D|chr15:47476403-48066420|+
SEMA6D|chr15:47476403-48066420|-
LINGO1|chr15:77905369-77924709|+
LINGO1|chr15:77905369-77924709|-
HOXA3|chr7:27145809-27166639|+
HOXA3|chr7:27145809-27166639|-
HOXA-AS3|chr7:27179983-27195547|+
HOXA-AS3|chr7:27179983-27195547|-
PCDHA11|chr5:140247831-140391929|+
PCDHA11|chr5:140247831-140391929|-
PCDHA12|chr5:140254931-140391929|+
PCDHA12|chr5:140254931-140391929|-
EMX2OS|chr10:119243804-119304579|+
EMX2OS|chr10:119243804-119304579|-
PCDHA13|chr5:140261854-140391929|+
PCDHA13|chr5:140261854-140391929|-
EMX2|chr10:119301956-119309057|+
EMX2|chr10:119301956-119309057|-
PCDHAC1|chr5:140306302-140391929|+
PCDHAC1|chr5:140306302-140391929|-
NKX6-2|chr10:134598320-134599537|+
too short at ../code/mc_site_seek.pl line 434, <IN> line 541.
NKX6-2|chr10:134598320-134599537|-
too short at ../code/mc_site_seek.pl line 434, <IN> line 541.
WT1-AS|chr11:32457285-32461620|+
WT1-AS|chr11:32457285-32461620|-
FGF12|chr3:191857182-192445388|+
FGF12|chr3:191857182-192445388|-
GPR123|chr10:134901409-134945179|+
too short at ../code/mc_site_seek.pl line 434, <IN> line 541.
GPR123|chr10:134901409-134945179|-
too short at ../code/mc_site_seek.pl line 434, <IN> line 541.
MYOM2|chr8:1993158-2093380|+
MYOM2|chr8:1993158-2093380|-
RCN1|chr11:32112477-32127272|+
RCN1|chr11:32112477-32127272|-
NAV2|chr11:19372271-20143147|+
NAV2|chr11:19372271-20143147|-
CSMD1|chr8:2792875-4852328|+
CSMD1|chr8:2792875-4852328|-
FLOT1|chr6:30695511-30710453|+
FLOT1|chr6:30695511-30710453|-
BRSK2|chr11:1411129-1483919|+
BRSK2|chr11:1411129-1483919|-
JPH3|chr16:87636499-87731761|+
JPH3|chr16:87636499-87731761|-
SBNO2|chr19:1107633-1174282|+
SBNO2|chr19:1107633-1174282|-
NRXN3|chr14:78870093-80330760|+
NRXN3|chr14:78870093-80330760|-
SPTBN4|chr19:40973126-41082365|+
SPTBN4|chr19:40973126-41082365|-
TBCD|chr17:80709940-80901062|+
TBCD|chr17:80709940-80901062|-
ATP11A|chr13:113344643-113541482|+
ATP11A|chr13:113344643-113541482|-
ADARB2|chr10:1223253-1779670|+
ADARB2|chr10:1223253-1779670|-
BANP|chr16:87985038-88110924|+
BANP|chr16:87985038-88110924|-
EIF2B5|chr3:183852810-183863099|+
EIF2B5|chr3:183852810-183863099|-
LRP5|chr11:68080108-68216743|+
LRP5|chr11:68080108-68216743|-
GAK|chr4:843065-926174|+
GAK|chr4:843065-926174|-
PPT2-EGFL8|chr6:32121776-32136062|+
PPT2-EGFL8|chr6:32121776-32136062|-
CASZ1|chr1:10696666-10856707|+
CASZ1|chr1:10696666-10856707|-
PRRC2A|chr6:31588450-31605554|+
too short at ../code/mc_site_seek.pl line 434, <IN> line 541.
PRRC2A|chr6:31588450-31605554|-
too short at ../code/mc_site_seek.pl line 434, <IN> line 541.
SKI|chr1:2160134-2241652|+
too short at ../code/mc_site_seek.pl line 434, <IN> line 541.
too short at ../code/mc_site_seek.pl line 434, <IN> line 541.
SKI|chr1:2160134-2241652|-
too short at ../code/mc_site_seek.pl line 434, <IN> line 541.
too short at ../code/mc_site_seek.pl line 434, <IN> line 541.
OBSCN|chr1:228395861-228566575|+
OBSCN|chr1:228395861-228566575|-
DLGAP2|chr8:1449569-1656642|+
DLGAP2|chr8:1449569-1656642|-
